<?xml version="1.0" encoding="UTF-8"?>
<!-- Generated by org.testng.reporters.JUnitXMLReporter -->
<testsuite ignored="0" hostname="DESKTOP-9UMCNA0" failures="0" tests="3" name="Default test" time="0.098" errors="0" timestamp="2026-03-18T12:25:10 SGT">
  <testcase classname="qaclickacademy.AppiumTest" name="IOSApps" time="0.015"/>
  <testcase classname="qaclickacademy.AppiumTest" name="IOSApps1234567" time="0.005"/>
  <testcase classname="qaclickacademy.AppiumTest" name="NativeAPpAndroid" time="0.007"/>
</testsuite> <!-- Default test -->
