<?xml version="1.0" encoding="UTF-8"?>
<testng-results ignored="0" total="3" passed="3" failed="0" skipped="0">
  <reporter-output>
  </reporter-output>
  <suite started-at="2026-03-18T12:25:10 SGT" name="Default suite" finished-at="2026-03-18T12:25:10 SGT" duration-ms="98">
    <groups>
    </groups>
    <test started-at="2026-03-18T12:25:10 SGT" name="Default test" finished-at="2026-03-18T12:25:10 SGT" duration-ms="98">
      <class name="qaclickacademy.AppiumTest">
        <test-method signature="IOSApps()[pri:0, instance:qaclickacademy.AppiumTest@65fb9ffc]" started-at="2026-03-18T12:25:10 SGT" name="IOSApps" finished-at="2026-03-18T12:25:10 SGT" duration-ms="15" status="PASS">
          <reporter-output>
          </reporter-output>
        </test-method> <!-- IOSApps -->
        <test-method signature="IOSApps1234567()[pri:0, instance:qaclickacademy.AppiumTest@65fb9ffc]" started-at="2026-03-18T12:25:10 SGT" name="IOSApps1234567" finished-at="2026-03-18T12:25:10 SGT" duration-ms="5" status="PASS">
          <reporter-output>
          </reporter-output>
        </test-method> <!-- IOSApps1234567 -->
        <test-method signature="NativeAPpAndroid()[pri:0, instance:qaclickacademy.AppiumTest@65fb9ffc]" started-at="2026-03-18T12:25:10 SGT" name="NativeAPpAndroid" finished-at="2026-03-18T12:25:10 SGT" duration-ms="7" status="PASS">
          <reporter-output>
          </reporter-output>
        </test-method> <!-- NativeAPpAndroid -->
      </class> <!-- qaclickacademy.AppiumTest -->
    </test> <!-- Default test -->
  </suite> <!-- Default suite -->
</testng-results>
