<?xml version="1.0" encoding="UTF-8"?>
<testng-results ignored="0" total="2" passed="2" failed="0" skipped="0">
  <reporter-output>
  </reporter-output>
  <suite started-at="2026-03-18T11:36:06 SGT" name="Default suite" finished-at="2026-03-18T11:36:06 SGT" duration-ms="88">
    <groups>
    </groups>
    <test started-at="2026-03-18T11:36:06 SGT" name="Default test" finished-at="2026-03-18T11:36:06 SGT" duration-ms="88">
      <class name="qaclickacademy.AppiumTest">
        <test-method signature="IOSApps()[pri:0, instance:qaclickacademy.AppiumTest@34123d65]" started-at="2026-03-18T11:36:06 SGT" name="IOSApps" finished-at="2026-03-18T11:36:06 SGT" duration-ms="15" status="PASS">
          <reporter-output>
          </reporter-output>
        </test-method> <!-- IOSApps -->
        <test-method signature="NativeAPpAndroid()[pri:0, instance:qaclickacademy.AppiumTest@34123d65]" started-at="2026-03-18T11:36:06 SGT" name="NativeAPpAndroid" finished-at="2026-03-18T11:36:06 SGT" duration-ms="5" status="PASS">
          <reporter-output>
          </reporter-output>
        </test-method> <!-- NativeAPpAndroid -->
      </class> <!-- qaclickacademy.AppiumTest -->
    </test> <!-- Default test -->
  </suite> <!-- Default suite -->
</testng-results>
