<?xml version="1.0" encoding="UTF-8"?>
<!-- Generated by org.testng.reporters.JUnitReportReporter -->
<testsuite hostname="DESKTOP-9UMCNA0" failures="0" tests="3" name="qaclickacademy.AppiumTest" time="0.027" errors="0" timestamp="2026-03-18T12:25:11 SGT" skipped="0">
  <testcase classname="qaclickacademy.AppiumTest" name="IOSApps" time="0.015"/>
  <testcase classname="qaclickacademy.AppiumTest" name="IOSApps1234567" time="0.005"/>
  <testcase classname="qaclickacademy.AppiumTest" name="NativeAPpAndroid" time="0.007"/>
</testsuite> <!-- qaclickacademy.AppiumTest -->
